{"level":"info","message":"log's configured successfully","timestamp":"2018-08-19T15:03:30.552Z"}
{"level":"info","message":"Here is your first log","timestamp":"2018-08-19T15:03:30.556Z"}
{"level":"info","message":"Base URL http://localhost:3500","timestamp":"2018-08-19T15:03:30.559Z"}
{"level":"info","message":"API accessing port 3500","timestamp":"2018-08-19T15:03:30.559Z"}
{"level":"info","message":" Cors ","timestamp":"2018-08-19T15:03:33.597Z"}
{"level":"info","message":"/validateUsers","timestamp":"2018-08-19T15:03:33.598Z"}
{"level":"info","message":"Header validation Initilized","timestamp":"2018-08-19T15:03:33.599Z"}
{"level":"info","message":"validateCsrf function","timestamp":"2018-08-19T15:03:33.599Z"}
{"level":"info","message":"CSRF TOKEN FROM API REQUEST => QUNNJmFiaGFydGVjaA==","timestamp":"2018-08-19T15:03:33.600Z"}
{"level":"info","message":"QUNNJmFiaGFydGVjaA== encoding to Ascii is ACM&abhartech","timestamp":"2018-08-19T15:03:33.601Z"}
{"level":"info","message":"ACM&abhartech","timestamp":"2018-08-19T15:03:33.602Z"}
{"level":"info","message":"ACM&abhartech","timestamp":"2018-08-19T15:03:33.602Z"}
{"level":"info","message":"true","timestamp":"2018-08-19T15:03:33.604Z"}
{"level":"info","message":"Header validation Initilized","timestamp":"2018-08-19T15:03:33.658Z"}
{"level":"info","message":"Configuring Routes","timestamp":"2018-08-19T15:03:33.859Z"}
{"level":"info","message":"Random String Generation ","timestamp":"2018-08-19T15:03:33.899Z"}
{"level":"info","message":"Send SMS Intitiated","timestamp":"2018-08-19T15:03:34.464Z"}
{"level":"error","message":"(node:17480) [DEP0005] DeprecationWarning: Buffer() is deprecated due to security and usability issues. Please use the Buffer.alloc(), Buffer.allocUnsafe(), or Buffer.from() methods instead.","timestamp":"2018-08-19T15:03:34.673Z"}
{"level":"info","message":"Database Connected!","timestamp":"2018-08-19T15:03:34.686Z"}
{"level":"info","message":" Cors ","timestamp":"2018-08-19T15:03:55.052Z"}
{"level":"info","message":"/validateUserDetails","timestamp":"2018-08-19T15:03:55.052Z"}
{"level":"info","message":"validateCsrf function","timestamp":"2018-08-19T15:03:55.052Z"}
{"level":"info","message":"CSRF TOKEN FROM API REQUEST => QUNNJmFiaGFydGVjaA==","timestamp":"2018-08-19T15:03:55.052Z"}
{"level":"info","message":"QUNNJmFiaGFydGVjaA== encoding to Ascii is ACM&abhartech","timestamp":"2018-08-19T15:03:55.052Z"}
{"level":"info","message":"ACM&abhartech","timestamp":"2018-08-19T15:03:55.052Z"}
{"level":"info","message":"ACM&abhartech","timestamp":"2018-08-19T15:03:55.052Z"}
{"level":"info","message":"true","timestamp":"2018-08-19T15:03:55.052Z"}
{"level":"info","message":"Configuring Routes","timestamp":"2018-08-19T15:03:55.053Z"}
{"level":"info","message":" Cors ","timestamp":"2018-08-19T15:05:36.209Z"}
{"level":"info","message":"/validateUserDetails","timestamp":"2018-08-19T15:05:36.210Z"}
{"level":"info","message":"validateCsrf function","timestamp":"2018-08-19T15:05:36.210Z"}
{"level":"info","message":"CSRF TOKEN FROM API REQUEST => QUNNJmFiaGFydGVjaA==","timestamp":"2018-08-19T15:05:36.210Z"}
{"level":"info","message":"QUNNJmFiaGFydGVjaA== encoding to Ascii is ACM&abhartech","timestamp":"2018-08-19T15:05:36.210Z"}
{"level":"info","message":"ACM&abhartech","timestamp":"2018-08-19T15:05:36.210Z"}
{"level":"info","message":"ACM&abhartech","timestamp":"2018-08-19T15:05:36.210Z"}
{"level":"info","message":"true","timestamp":"2018-08-19T15:05:36.210Z"}
{"level":"info","message":"Configuring Routes","timestamp":"2018-08-19T15:05:36.210Z"}
{"level":"info","message":" Cors ","timestamp":"2018-08-19T15:05:42.903Z"}
{"level":"info","message":"/validateUserDetails","timestamp":"2018-08-19T15:05:42.903Z"}
{"level":"info","message":"validateCsrf function","timestamp":"2018-08-19T15:05:42.903Z"}
{"level":"info","message":"CSRF TOKEN FROM API REQUEST => QUNNJmFiaGFydGVjaA==","timestamp":"2018-08-19T15:05:42.903Z"}
{"level":"info","message":"QUNNJmFiaGFydGVjaA== encoding to Ascii is ACM&abhartech","timestamp":"2018-08-19T15:05:42.903Z"}
{"level":"info","message":"ACM&abhartech","timestamp":"2018-08-19T15:05:42.903Z"}
{"level":"info","message":"ACM&abhartech","timestamp":"2018-08-19T15:05:42.903Z"}
{"level":"info","message":"true","timestamp":"2018-08-19T15:05:42.903Z"}
{"level":"info","message":"Configuring Routes","timestamp":"2018-08-19T15:05:42.904Z"}
{"level":"info","message":"log's configured successfully","timestamp":"2018-08-19T15:07:51.492Z"}
{"level":"info","message":"Here is your first log","timestamp":"2018-08-19T15:07:51.494Z"}
{"level":"info","message":"Base URL http://localhost:3500","timestamp":"2018-08-19T15:07:51.495Z"}
{"level":"info","message":"API accessing port 3500","timestamp":"2018-08-19T15:07:51.495Z"}
{"level":"info","message":" Cors ","timestamp":"2018-08-19T15:07:55.187Z"}
{"level":"info","message":"/validateUserDetails","timestamp":"2018-08-19T15:07:55.188Z"}
{"level":"info","message":"Header validation Initilized","timestamp":"2018-08-19T15:07:55.189Z"}
{"level":"info","message":"validateCsrf function","timestamp":"2018-08-19T15:07:55.190Z"}
{"level":"info","message":"CSRF TOKEN FROM API REQUEST => QUNNJmFiaGFydGVjaA==","timestamp":"2018-08-19T15:07:55.191Z"}
{"level":"info","message":"QUNNJmFiaGFydGVjaA== encoding to Ascii is ACM&abhartech","timestamp":"2018-08-19T15:07:55.191Z"}
{"level":"info","message":"ACM&abhartech","timestamp":"2018-08-19T15:07:55.192Z"}
{"level":"info","message":"ACM&abhartech","timestamp":"2018-08-19T15:07:55.192Z"}
{"level":"info","message":"true","timestamp":"2018-08-19T15:07:55.194Z"}
{"level":"info","message":"Header validation Initilized","timestamp":"2018-08-19T15:07:55.195Z"}
{"level":"info","message":"Configuring Routes","timestamp":"2018-08-19T15:07:55.319Z"}
{"level":"info","message":"Random String Generation ","timestamp":"2018-08-19T15:07:55.345Z"}
{"level":"info","message":"Send SMS Intitiated","timestamp":"2018-08-19T15:07:55.780Z"}
{"level":"error","message":"(node:7632) [DEP0005] DeprecationWarning: Buffer() is deprecated due to security and usability issues. Please use the Buffer.alloc(), Buffer.allocUnsafe(), or Buffer.from() methods instead.","timestamp":"2018-08-19T15:07:55.962Z"}
{"level":"info","message":"Database Connected!","timestamp":"2018-08-19T15:07:55.982Z"}
{"meta":0,"level":"info","message":"","timestamp":"2018-08-19T15:07:55.989Z"}
{"level":"info","message":"log's configured successfully","timestamp":"2018-08-19T15:08:29.717Z"}
{"level":"info","message":"Here is your first log","timestamp":"2018-08-19T15:08:29.719Z"}
{"level":"info","message":"Base URL http://localhost:3500","timestamp":"2018-08-19T15:08:29.721Z"}
{"level":"info","message":"API accessing port 3500","timestamp":"2018-08-19T15:08:29.721Z"}
{"level":"info","message":" Cors ","timestamp":"2018-08-19T15:08:35.402Z"}
{"level":"info","message":"/validateUserDetails","timestamp":"2018-08-19T15:08:35.403Z"}
{"level":"info","message":"Header validation Initilized","timestamp":"2018-08-19T15:08:35.408Z"}
{"level":"info","message":"validateCsrf function","timestamp":"2018-08-19T15:08:35.408Z"}
{"level":"info","message":"CSRF TOKEN FROM API REQUEST => QUNNJmFiaGFydGVjaA==","timestamp":"2018-08-19T15:08:35.409Z"}
{"level":"info","message":"QUNNJmFiaGFydGVjaA== encoding to Ascii is ACM&abhartech","timestamp":"2018-08-19T15:08:35.410Z"}
{"level":"info","message":"ACM&abhartech","timestamp":"2018-08-19T15:08:35.411Z"}
{"level":"info","message":"ACM&abhartech","timestamp":"2018-08-19T15:08:35.411Z"}
{"level":"info","message":"true","timestamp":"2018-08-19T15:08:35.413Z"}
{"level":"info","message":"Header validation Initilized","timestamp":"2018-08-19T15:08:35.414Z"}
{"level":"info","message":"Configuring Routes","timestamp":"2018-08-19T15:08:35.530Z"}
{"level":"info","message":"Random String Generation ","timestamp":"2018-08-19T15:08:35.557Z"}
{"level":"info","message":"Send SMS Intitiated","timestamp":"2018-08-19T15:08:36.028Z"}
{"level":"error","message":"(node:6168) [DEP0005] DeprecationWarning: Buffer() is deprecated due to security and usability issues. Please use the Buffer.alloc(), Buffer.allocUnsafe(), or Buffer.from() methods instead.","timestamp":"2018-08-19T15:08:36.398Z"}
{"level":"info","message":"Database Connected!","timestamp":"2018-08-19T15:08:36.411Z"}
{"meta":0,"level":"info","message":"","timestamp":"2018-08-19T15:08:36.418Z"}
{"level":"info","message":"log's configured successfully","timestamp":"2018-08-19T15:09:33.976Z"}
{"level":"info","message":"Here is your first log","timestamp":"2018-08-19T15:09:33.978Z"}
{"level":"info","message":"Base URL http://localhost:3500","timestamp":"2018-08-19T15:09:33.980Z"}
{"level":"info","message":"API accessing port 3500","timestamp":"2018-08-19T15:09:33.980Z"}
{"level":"info","message":" Cors ","timestamp":"2018-08-19T15:09:42.960Z"}
{"level":"info","message":"/validateUserDetails","timestamp":"2018-08-19T15:09:42.961Z"}
{"level":"info","message":"Header validation Initilized","timestamp":"2018-08-19T15:09:42.967Z"}
{"level":"info","message":"validateCsrf function","timestamp":"2018-08-19T15:09:42.967Z"}
{"level":"info","message":"CSRF TOKEN FROM API REQUEST => QUNNJmFiaGFydGVjaA==","timestamp":"2018-08-19T15:09:42.968Z"}
{"level":"info","message":"QUNNJmFiaGFydGVjaA== encoding to Ascii is ACM&abhartech","timestamp":"2018-08-19T15:09:42.969Z"}
{"level":"info","message":"ACM&abhartech","timestamp":"2018-08-19T15:09:42.969Z"}
{"level":"info","message":"ACM&abhartech","timestamp":"2018-08-19T15:09:42.969Z"}
{"level":"info","message":"true","timestamp":"2018-08-19T15:09:42.971Z"}
{"level":"info","message":"Header validation Initilized","timestamp":"2018-08-19T15:09:42.973Z"}
{"level":"info","message":"Configuring Routes","timestamp":"2018-08-19T15:09:43.088Z"}
{"level":"info","message":"Random String Generation ","timestamp":"2018-08-19T15:09:43.115Z"}
{"level":"info","message":"Send SMS Intitiated","timestamp":"2018-08-19T15:09:43.662Z"}
{"level":"error","message":"(node:15768) [DEP0005] DeprecationWarning: Buffer() is deprecated due to security and usability issues. Please use the Buffer.alloc(), Buffer.allocUnsafe(), or Buffer.from() methods instead.","timestamp":"2018-08-19T15:09:43.880Z"}
{"level":"info","message":"Database Connected!","timestamp":"2018-08-19T15:09:43.888Z"}
{"meta":0,"level":"info","message":"","timestamp":"2018-08-19T15:09:43.893Z"}
{"level":"info","message":"log's configured successfully","timestamp":"2018-08-19T15:20:38.228Z"}
{"level":"info","message":"Here is your first log","timestamp":"2018-08-19T15:20:38.230Z"}
{"level":"info","message":"Base URL http://localhost:3500","timestamp":"2018-08-19T15:20:38.232Z"}
{"level":"info","message":"API accessing port 3500","timestamp":"2018-08-19T15:20:38.232Z"}
{"level":"info","message":" Cors ","timestamp":"2018-08-19T15:20:41.835Z"}
{"level":"info","message":"/validateUserDetails","timestamp":"2018-08-19T15:20:41.835Z"}
{"level":"info","message":"Header validation Initilized","timestamp":"2018-08-19T15:20:41.837Z"}
{"level":"info","message":"validateCsrf function","timestamp":"2018-08-19T15:20:41.837Z"}
{"level":"info","message":"CSRF TOKEN FROM API REQUEST => QUNNJmFiaGFydGVjaA==","timestamp":"2018-08-19T15:20:41.838Z"}
{"level":"info","message":"QUNNJmFiaGFydGVjaA== encoding to Ascii is ACM&abhartech","timestamp":"2018-08-19T15:20:41.839Z"}
{"level":"info","message":"ACM&abhartech","timestamp":"2018-08-19T15:20:41.839Z"}
{"level":"info","message":"ACM&abhartech","timestamp":"2018-08-19T15:20:41.839Z"}
{"level":"info","message":"true","timestamp":"2018-08-19T15:20:41.840Z"}
{"level":"info","message":"Header validation Initilized","timestamp":"2018-08-19T15:20:41.842Z"}
{"level":"info","message":"Configuring Routes","timestamp":"2018-08-19T15:20:41.965Z"}
{"level":"info","message":"Random String Generation ","timestamp":"2018-08-19T15:20:41.990Z"}
{"level":"info","message":"Send SMS Intitiated","timestamp":"2018-08-19T15:20:42.478Z"}
{"level":"error","message":"(node:13184) [DEP0005] DeprecationWarning: Buffer() is deprecated due to security and usability issues. Please use the Buffer.alloc(), Buffer.allocUnsafe(), or Buffer.from() methods instead.","timestamp":"2018-08-19T15:20:42.707Z"}
{"level":"info","message":"Database Connected!","timestamp":"2018-08-19T15:20:42.723Z"}
{"level":"info","message":" Cors ","timestamp":"2018-08-19T15:20:48.499Z"}
{"level":"info","message":"/validateUserDetails","timestamp":"2018-08-19T15:20:48.499Z"}
{"level":"info","message":"validateCsrf function","timestamp":"2018-08-19T15:20:48.500Z"}
{"level":"info","message":"CSRF TOKEN FROM API REQUEST => QUNNJmFiaGFydGVjaA==","timestamp":"2018-08-19T15:20:48.500Z"}
{"level":"info","message":"QUNNJmFiaGFydGVjaA== encoding to Ascii is ACM&abhartech","timestamp":"2018-08-19T15:20:48.500Z"}
{"level":"info","message":"ACM&abhartech","timestamp":"2018-08-19T15:20:48.501Z"}
{"level":"info","message":"ACM&abhartech","timestamp":"2018-08-19T15:20:48.501Z"}
{"level":"info","message":"true","timestamp":"2018-08-19T15:20:48.501Z"}
{"level":"info","message":"Configuring Routes","timestamp":"2018-08-19T15:20:48.502Z"}
{"meta":0,"level":"info","message":"","timestamp":"2018-08-19T15:20:48.557Z"}
{"level":"info","message":"log's configured successfully","timestamp":"2018-08-19T15:23:35.636Z"}
{"level":"info","message":"Here is your first log","timestamp":"2018-08-19T15:23:35.638Z"}
{"level":"info","message":"Base URL http://localhost:3500","timestamp":"2018-08-19T15:23:35.640Z"}
{"level":"info","message":"API accessing port 3500","timestamp":"2018-08-19T15:23:35.640Z"}
{"level":"info","message":" Cors ","timestamp":"2018-08-19T15:23:41.873Z"}
{"level":"info","message":"/validateUserDetails?user_email_id=bindu.priya07@gmail.com&password=test","timestamp":"2018-08-19T15:23:41.873Z"}
{"level":"info","message":"Header validation Initilized","timestamp":"2018-08-19T15:23:41.874Z"}
{"level":"info","message":"validateCsrf function","timestamp":"2018-08-19T15:23:41.875Z"}
{"level":"info","message":"CSRF TOKEN FROM API REQUEST => QUNNJmFiaGFydGVjaA==","timestamp":"2018-08-19T15:23:41.876Z"}
{"level":"info","message":"QUNNJmFiaGFydGVjaA== encoding to Ascii is ACM&abhartech","timestamp":"2018-08-19T15:23:41.876Z"}
{"level":"info","message":"ACM&abhartech","timestamp":"2018-08-19T15:23:41.876Z"}
{"level":"info","message":"ACM&abhartech","timestamp":"2018-08-19T15:23:41.877Z"}
{"level":"info","message":"true","timestamp":"2018-08-19T15:23:41.878Z"}
{"level":"info","message":"Header validation Initilized","timestamp":"2018-08-19T15:23:41.879Z"}
{"level":"info","message":"Configuring Routes","timestamp":"2018-08-19T15:23:42.013Z"}
{"level":"info","message":"Random String Generation ","timestamp":"2018-08-19T15:23:42.043Z"}
{"level":"info","message":"Send SMS Intitiated","timestamp":"2018-08-19T15:23:42.536Z"}
{"level":"error","message":"(node:14844) [DEP0005] DeprecationWarning: Buffer() is deprecated due to security and usability issues. Please use the Buffer.alloc(), Buffer.allocUnsafe(), or Buffer.from() methods instead.","timestamp":"2018-08-19T15:23:42.762Z"}
{"level":"info","message":"Database Connected!","timestamp":"2018-08-19T15:23:42.807Z"}
{"level":"info","message":" Cors ","timestamp":"2018-08-19T15:23:47.418Z"}
{"level":"info","message":"/validateUserDetails?user_email_id=bindu.priya07@gmail.com&password=test","timestamp":"2018-08-19T15:23:47.418Z"}
{"level":"info","message":"validateCsrf function","timestamp":"2018-08-19T15:23:47.419Z"}
{"level":"info","message":"CSRF TOKEN FROM API REQUEST => QUNNJmFiaGFydGVjaA==","timestamp":"2018-08-19T15:23:47.419Z"}
{"level":"info","message":"QUNNJmFiaGFydGVjaA== encoding to Ascii is ACM&abhartech","timestamp":"2018-08-19T15:23:47.420Z"}
{"level":"info","message":"ACM&abhartech","timestamp":"2018-08-19T15:23:47.420Z"}
{"level":"info","message":"ACM&abhartech","timestamp":"2018-08-19T15:23:47.420Z"}
{"level":"info","message":"true","timestamp":"2018-08-19T15:23:47.421Z"}
{"level":"info","message":"Configuring Routes","timestamp":"2018-08-19T15:23:47.421Z"}
{"meta":0,"level":"info","message":"","timestamp":"2018-08-19T15:23:47.477Z"}
{"level":"info","message":"log's configured successfully","timestamp":"2018-08-19T15:24:42.921Z"}
{"level":"info","message":"Here is your first log","timestamp":"2018-08-19T15:24:42.923Z"}
{"level":"info","message":"Base URL http://localhost:3500","timestamp":"2018-08-19T15:24:42.924Z"}
{"level":"info","message":"API accessing port 3500","timestamp":"2018-08-19T15:24:42.924Z"}
{"level":"info","message":" Cors ","timestamp":"2018-08-19T15:24:51.062Z"}
{"level":"info","message":"/validateUserDetails?user_email_id=bindu.priya07@gmail.com&password=test","timestamp":"2018-08-19T15:24:51.062Z"}
{"level":"info","message":"Header validation Initilized","timestamp":"2018-08-19T15:24:51.064Z"}
{"level":"info","message":"validateCsrf function","timestamp":"2018-08-19T15:24:51.065Z"}
{"level":"info","message":"CSRF TOKEN FROM API REQUEST => QUNNJmFiaGFydGVjaA==","timestamp":"2018-08-19T15:24:51.066Z"}
{"level":"info","message":"QUNNJmFiaGFydGVjaA== encoding to Ascii is ACM&abhartech","timestamp":"2018-08-19T15:24:51.067Z"}
{"level":"info","message":"ACM&abhartech","timestamp":"2018-08-19T15:24:51.067Z"}
{"level":"info","message":"ACM&abhartech","timestamp":"2018-08-19T15:24:51.067Z"}
{"level":"info","message":"true","timestamp":"2018-08-19T15:24:51.070Z"}
{"level":"info","message":"Header validation Initilized","timestamp":"2018-08-19T15:24:51.072Z"}
{"level":"info","message":"Configuring Routes","timestamp":"2018-08-19T15:24:51.197Z"}
{"level":"info","message":"Random String Generation ","timestamp":"2018-08-19T15:24:51.226Z"}
{"level":"info","message":"Send SMS Intitiated","timestamp":"2018-08-19T15:24:51.696Z"}
{"level":"error","message":"(node:4336) [DEP0005] DeprecationWarning: Buffer() is deprecated due to security and usability issues. Please use the Buffer.alloc(), Buffer.allocUnsafe(), or Buffer.from() methods instead.","timestamp":"2018-08-19T15:24:51.897Z"}
{"level":"info","message":"Database Connected!","timestamp":"2018-08-19T15:24:51.915Z"}
{"meta":0,"level":"info","message":"","timestamp":"2018-08-19T15:24:51.920Z"}
{"level":"info","message":"log's configured successfully","timestamp":"2018-08-19T15:25:52.292Z"}
{"level":"info","message":"Here is your first log","timestamp":"2018-08-19T15:25:52.294Z"}
{"level":"info","message":"Base URL http://localhost:3500","timestamp":"2018-08-19T15:25:52.296Z"}
{"level":"info","message":"API accessing port 3500","timestamp":"2018-08-19T15:25:52.296Z"}
{"level":"info","message":" Cors ","timestamp":"2018-08-19T15:25:54.028Z"}
{"level":"info","message":"/getUserDetailsById","timestamp":"2018-08-19T15:25:54.029Z"}
{"level":"info","message":"Header validation Initilized","timestamp":"2018-08-19T15:25:54.031Z"}
{"level":"info","message":"validateCsrf function","timestamp":"2018-08-19T15:25:54.031Z"}
{"level":"info","message":"CSRF TOKEN FROM API REQUEST => QUNNJmFiaGFydGVjaA==","timestamp":"2018-08-19T15:25:54.032Z"}
{"level":"info","message":"QUNNJmFiaGFydGVjaA== encoding to Ascii is ACM&abhartech","timestamp":"2018-08-19T15:25:54.033Z"}
{"level":"info","message":"ACM&abhartech","timestamp":"2018-08-19T15:25:54.034Z"}
{"level":"info","message":"ACM&abhartech","timestamp":"2018-08-19T15:25:54.034Z"}
{"level":"info","message":"true","timestamp":"2018-08-19T15:25:54.036Z"}
{"level":"info","message":"Header validation Initilized","timestamp":"2018-08-19T15:25:54.038Z"}
{"level":"info","message":"Configuring Routes","timestamp":"2018-08-19T15:25:54.161Z"}
{"level":"info","message":"Random String Generation ","timestamp":"2018-08-19T15:25:54.189Z"}
{"level":"info","message":"Send SMS Intitiated","timestamp":"2018-08-19T15:25:54.638Z"}
{"level":"error","message":"(node:10852) [DEP0005] DeprecationWarning: Buffer() is deprecated due to security and usability issues. Please use the Buffer.alloc(), Buffer.allocUnsafe(), or Buffer.from() methods instead.","timestamp":"2018-08-19T15:25:54.833Z"}
{"level":"info","message":"Database Connected!","timestamp":"2018-08-19T15:25:54.853Z"}
{"message":"ER_BAD_FIELD_ERROR: Unknown column 'user_email' in 'field list'","stack":"Error: ER_BAD_FIELD_ERROR: Unknown column 'user_email' in 'field list'\n    at Query.Sequence._packetToError (C:\\Users\\Admin\\BinduProj Backend\\NodeSample\\node_modules\\mysql\\lib\\protocol\\sequences\\Sequence.js:47:14)\n    at Query.ErrorPacket (C:\\Users\\Admin\\BinduProj Backend\\NodeSample\\node_modules\\mysql\\lib\\protocol\\sequences\\Query.js:77:18)\n    at Protocol._parsePacket (C:\\Users\\Admin\\BinduProj Backend\\NodeSample\\node_modules\\mysql\\lib\\protocol\\Protocol.js:278:23)\n    at Parser.write (C:\\Users\\Admin\\BinduProj Backend\\NodeSample\\node_modules\\mysql\\lib\\protocol\\Parser.js:76:12)\n    at Protocol.write (C:\\Users\\Admin\\BinduProj Backend\\NodeSample\\node_modules\\mysql\\lib\\protocol\\Protocol.js:38:16)\n    at Socket.<anonymous> (C:\\Users\\Admin\\BinduProj Backend\\NodeSample\\node_modules\\mysql\\lib\\Connection.js:91:28)\n    at Socket.<anonymous> (C:\\Users\\Admin\\BinduProj Backend\\NodeSample\\node_modules\\mysql\\lib\\Connection.js:502:10)\n    at Socket.emit (events.js:182:13)\n    at addChunk (_stream_readable.js:283:12)\n    at readableAddChunk (_stream_readable.js:264:11)\n    at Socket.Readable.push (_stream_readable.js:219:10)\n    at TCP.onread (net.js:635:20)\n    --------------------\n    at Protocol._enqueue (C:\\Users\\Admin\\BinduProj Backend\\NodeSample\\node_modules\\mysql\\lib\\protocol\\Protocol.js:144:48)\n    at Connection.query (C:\\Users\\Admin\\BinduProj Backend\\NodeSample\\node_modules\\mysql\\lib\\Connection.js:200:25)\n    at getAllUserDetails (C:\\Users\\Admin\\BinduProj Backend\\NodeSample\\api\\userDetails\\getAllUserDetails.js:26:7)\n    at C:\\Users\\Admin\\BinduProj Backend\\NodeSample\\node_modules\\async\\dist\\async.js:3880:24\n    at replenish (C:\\Users\\Admin\\BinduProj Backend\\NodeSample\\node_modules\\async\\dist\\async.js:1011:17)\n    at C:\\Users\\Admin\\BinduProj Backend\\NodeSample\\node_modules\\async\\dist\\async.js:1016:9\n    at eachOfLimit (C:\\Users\\Admin\\BinduProj Backend\\NodeSample\\node_modules\\async\\dist\\async.js:1041:24)\n    at C:\\Users\\Admin\\BinduProj Backend\\NodeSample\\node_modules\\async\\dist\\async.js:1046:16\n    at _parallel (C:\\Users\\Admin\\BinduProj Backend\\NodeSample\\node_modules\\async\\dist\\async.js:3879:5)\n    at Object.series (C:\\Users\\Admin\\BinduProj Backend\\NodeSample\\node_modules\\async\\dist\\async.js:4735:5)\n    at get (C:\\Users\\Admin\\BinduProj Backend\\NodeSample\\api\\userDetails\\getAllUserDetails.js:14:9)\n    at Layer.handle [as handle_request] (C:\\Users\\Admin\\BinduProj Backend\\NodeSample\\node_modules\\express\\lib\\router\\layer.js:95:5)\n    at next (C:\\Users\\Admin\\BinduProj Backend\\NodeSample\\node_modules\\express\\lib\\router\\route.js:137:13)\n    at Route.dispatch (C:\\Users\\Admin\\BinduProj Backend\\NodeSample\\node_modules\\express\\lib\\router\\route.js:112:3)\n    at Layer.handle [as handle_request] (C:\\Users\\Admin\\BinduProj Backend\\NodeSample\\node_modules\\express\\lib\\router\\layer.js:95:5)\n    at C:\\Users\\Admin\\BinduProj Backend\\NodeSample\\node_modules\\express\\lib\\router\\index.js:281:22\n    at Function.process_params (C:\\Users\\Admin\\BinduProj Backend\\NodeSample\\node_modules\\express\\lib\\router\\index.js:335:12)\n    at next (C:\\Users\\Admin\\BinduProj Backend\\NodeSample\\node_modules\\express\\lib\\router\\index.js:275:10)\n    at C:\\Users\\Admin\\BinduProj Backend\\NodeSample\\config\\main.js:52:2\n    at Layer.handle [as handle_request] (C:\\Users\\Admin\\BinduProj Backend\\NodeSample\\node_modules\\express\\lib\\router\\layer.js:95:5)\n    at trim_prefix (C:\\Users\\Admin\\BinduProj Backend\\NodeSample\\node_modules\\express\\lib\\router\\index.js:317:13)\n    at C:\\Users\\Admin\\BinduProj Backend\\NodeSample\\node_modules\\express\\lib\\router\\index.js:284:7","code":"ER_BAD_FIELD_ERROR","errno":1054,"sqlMessage":"Unknown column 'user_email' in 'field list'","sqlState":"42S22","index":0,"sql":"SELECT user_id,password,user_name,user_email FROM user_details","level":"info","timestamp":"2018-08-19T15:25:54.863Z"}
{"level":"info","message":"Error In => getAllUserDetails","timestamp":"2018-08-19T15:25:54.864Z"}
{"level":"info","message":" Cors ","timestamp":"2018-08-19T15:26:32.356Z"}
{"level":"info","message":"/getUserDetailsById","timestamp":"2018-08-19T15:26:32.357Z"}
{"level":"info","message":"validateCsrf function","timestamp":"2018-08-19T15:26:32.357Z"}
{"level":"info","message":"CSRF TOKEN FROM API REQUEST => QUNNJmFiaGFydGVjaA==","timestamp":"2018-08-19T15:26:32.358Z"}
{"level":"info","message":"QUNNJmFiaGFydGVjaA== encoding to Ascii is ACM&abhartech","timestamp":"2018-08-19T15:26:32.358Z"}
{"level":"info","message":"ACM&abhartech","timestamp":"2018-08-19T15:26:32.359Z"}
{"level":"info","message":"ACM&abhartech","timestamp":"2018-08-19T15:26:32.360Z"}
{"level":"info","message":"true","timestamp":"2018-08-19T15:26:32.360Z"}
{"level":"info","message":"Configuring Routes","timestamp":"2018-08-19T15:26:32.361Z"}
{"message":"ER_BAD_FIELD_ERROR: Unknown column 'user_email' in 'field list'","stack":"Error: ER_BAD_FIELD_ERROR: Unknown column 'user_email' in 'field list'\n    at Query.Sequence._packetToError (C:\\Users\\Admin\\BinduProj Backend\\NodeSample\\node_modules\\mysql\\lib\\protocol\\sequences\\Sequence.js:47:14)\n    at Query.ErrorPacket (C:\\Users\\Admin\\BinduProj Backend\\NodeSample\\node_modules\\mysql\\lib\\protocol\\sequences\\Query.js:77:18)\n    at Protocol._parsePacket (C:\\Users\\Admin\\BinduProj Backend\\NodeSample\\node_modules\\mysql\\lib\\protocol\\Protocol.js:278:23)\n    at Parser.write (C:\\Users\\Admin\\BinduProj Backend\\NodeSample\\node_modules\\mysql\\lib\\protocol\\Parser.js:76:12)\n    at Protocol.write (C:\\Users\\Admin\\BinduProj Backend\\NodeSample\\node_modules\\mysql\\lib\\protocol\\Protocol.js:38:16)\n    at Socket.<anonymous> (C:\\Users\\Admin\\BinduProj Backend\\NodeSample\\node_modules\\mysql\\lib\\Connection.js:91:28)\n    at Socket.<anonymous> (C:\\Users\\Admin\\BinduProj Backend\\NodeSample\\node_modules\\mysql\\lib\\Connection.js:502:10)\n    at Socket.emit (events.js:182:13)\n    at addChunk (_stream_readable.js:283:12)\n    at readableAddChunk (_stream_readable.js:264:11)\n    at Socket.Readable.push (_stream_readable.js:219:10)\n    at TCP.onread (net.js:635:20)\n    --------------------\n    at Protocol._enqueue (C:\\Users\\Admin\\BinduProj Backend\\NodeSample\\node_modules\\mysql\\lib\\protocol\\Protocol.js:144:48)\n    at Connection.query (C:\\Users\\Admin\\BinduProj Backend\\NodeSample\\node_modules\\mysql\\lib\\Connection.js:200:25)\n    at getAllUserDetails (C:\\Users\\Admin\\BinduProj Backend\\NodeSample\\api\\userDetails\\getAllUserDetails.js:26:7)\n    at C:\\Users\\Admin\\BinduProj Backend\\NodeSample\\node_modules\\async\\dist\\async.js:3880:24\n    at replenish (C:\\Users\\Admin\\BinduProj Backend\\NodeSample\\node_modules\\async\\dist\\async.js:1011:17)\n    at C:\\Users\\Admin\\BinduProj Backend\\NodeSample\\node_modules\\async\\dist\\async.js:1016:9\n    at eachOfLimit (C:\\Users\\Admin\\BinduProj Backend\\NodeSample\\node_modules\\async\\dist\\async.js:1041:24)\n    at C:\\Users\\Admin\\BinduProj Backend\\NodeSample\\node_modules\\async\\dist\\async.js:1046:16\n    at _parallel (C:\\Users\\Admin\\BinduProj Backend\\NodeSample\\node_modules\\async\\dist\\async.js:3879:5)\n    at Object.series (C:\\Users\\Admin\\BinduProj Backend\\NodeSample\\node_modules\\async\\dist\\async.js:4735:5)\n    at get (C:\\Users\\Admin\\BinduProj Backend\\NodeSample\\api\\userDetails\\getAllUserDetails.js:14:9)\n    at Layer.handle [as handle_request] (C:\\Users\\Admin\\BinduProj Backend\\NodeSample\\node_modules\\express\\lib\\router\\layer.js:95:5)\n    at next (C:\\Users\\Admin\\BinduProj Backend\\NodeSample\\node_modules\\express\\lib\\router\\route.js:137:13)\n    at Route.dispatch (C:\\Users\\Admin\\BinduProj Backend\\NodeSample\\node_modules\\express\\lib\\router\\route.js:112:3)\n    at Layer.handle [as handle_request] (C:\\Users\\Admin\\BinduProj Backend\\NodeSample\\node_modules\\express\\lib\\router\\layer.js:95:5)\n    at C:\\Users\\Admin\\BinduProj Backend\\NodeSample\\node_modules\\express\\lib\\router\\index.js:281:22\n    at Function.process_params (C:\\Users\\Admin\\BinduProj Backend\\NodeSample\\node_modules\\express\\lib\\router\\index.js:335:12)\n    at next (C:\\Users\\Admin\\BinduProj Backend\\NodeSample\\node_modules\\express\\lib\\router\\index.js:275:10)\n    at C:\\Users\\Admin\\BinduProj Backend\\NodeSample\\config\\main.js:52:2\n    at Layer.handle [as handle_request] (C:\\Users\\Admin\\BinduProj Backend\\NodeSample\\node_modules\\express\\lib\\router\\layer.js:95:5)\n    at trim_prefix (C:\\Users\\Admin\\BinduProj Backend\\NodeSample\\node_modules\\express\\lib\\router\\index.js:317:13)\n    at C:\\Users\\Admin\\BinduProj Backend\\NodeSample\\node_modules\\express\\lib\\router\\index.js:284:7","code":"ER_BAD_FIELD_ERROR","errno":1054,"sqlMessage":"Unknown column 'user_email' in 'field list'","sqlState":"42S22","index":0,"sql":"SELECT user_id,password,user_name,user_email FROM user_details","level":"info","timestamp":"2018-08-19T15:26:32.370Z"}
{"level":"info","message":"Error In => getAllUserDetails","timestamp":"2018-08-19T15:26:32.371Z"}
{"level":"info","message":"log's configured successfully","timestamp":"2018-08-19T15:26:38.691Z"}
{"level":"info","message":"Here is your first log","timestamp":"2018-08-19T15:26:38.693Z"}
{"level":"info","message":"Base URL http://localhost:3500","timestamp":"2018-08-19T15:26:38.695Z"}
{"level":"info","message":"API accessing port 3500","timestamp":"2018-08-19T15:26:38.695Z"}
{"level":"info","message":" Cors ","timestamp":"2018-08-19T15:26:40.584Z"}
{"level":"info","message":"/getUserDetailsById","timestamp":"2018-08-19T15:26:40.585Z"}
{"level":"info","message":"Header validation Initilized","timestamp":"2018-08-19T15:26:40.586Z"}
{"level":"info","message":"validateCsrf function","timestamp":"2018-08-19T15:26:40.587Z"}
{"level":"info","message":"CSRF TOKEN FROM API REQUEST => QUNNJmFiaGFydGVjaA==","timestamp":"2018-08-19T15:26:40.588Z"}
{"level":"info","message":"QUNNJmFiaGFydGVjaA== encoding to Ascii is ACM&abhartech","timestamp":"2018-08-19T15:26:40.589Z"}
{"level":"info","message":"ACM&abhartech","timestamp":"2018-08-19T15:26:40.589Z"}
{"level":"info","message":"ACM&abhartech","timestamp":"2018-08-19T15:26:40.589Z"}
{"level":"info","message":"true","timestamp":"2018-08-19T15:26:40.592Z"}
{"level":"info","message":"Header validation Initilized","timestamp":"2018-08-19T15:26:40.593Z"}
{"level":"info","message":"Configuring Routes","timestamp":"2018-08-19T15:26:40.725Z"}
{"level":"info","message":"Random String Generation ","timestamp":"2018-08-19T15:26:40.750Z"}
{"level":"info","message":"Send SMS Intitiated","timestamp":"2018-08-19T15:26:41.203Z"}
{"level":"error","message":"(node:18900) [DEP0005] DeprecationWarning: Buffer() is deprecated due to security and usability issues. Please use the Buffer.alloc(), Buffer.allocUnsafe(), or Buffer.from() methods instead.","timestamp":"2018-08-19T15:26:41.413Z"}
{"level":"info","message":"Database Connected!","timestamp":"2018-08-19T15:26:41.421Z"}
{"level":"info","message":" Cors ","timestamp":"2018-08-19T15:27:21.845Z"}
{"level":"info","message":"/validateUserDetails","timestamp":"2018-08-19T15:27:21.845Z"}
{"level":"info","message":"validateCsrf function","timestamp":"2018-08-19T15:27:21.846Z"}
{"level":"info","message":"CSRF TOKEN FROM API REQUEST => QUNNJmFiaGFydGVjaA==","timestamp":"2018-08-19T15:27:21.847Z"}
{"level":"info","message":"QUNNJmFiaGFydGVjaA== encoding to Ascii is ACM&abhartech","timestamp":"2018-08-19T15:27:21.847Z"}
{"level":"info","message":"ACM&abhartech","timestamp":"2018-08-19T15:27:21.848Z"}
{"level":"info","message":"ACM&abhartech","timestamp":"2018-08-19T15:27:21.848Z"}
{"level":"info","message":"true","timestamp":"2018-08-19T15:27:21.849Z"}
{"level":"info","message":"Configuring Routes","timestamp":"2018-08-19T15:27:21.849Z"}
{"meta":0,"level":"info","message":"","timestamp":"2018-08-19T15:27:21.867Z"}
{"level":"info","message":"log's configured successfully","timestamp":"2018-08-19T15:27:39.553Z"}
{"level":"info","message":"Here is your first log","timestamp":"2018-08-19T15:27:39.555Z"}
{"level":"info","message":"Base URL http://localhost:3500","timestamp":"2018-08-19T15:27:39.557Z"}
{"level":"info","message":"API accessing port 3500","timestamp":"2018-08-19T15:27:39.557Z"}
{"level":"info","message":" Cors ","timestamp":"2018-08-19T15:27:42.842Z"}
{"level":"info","message":"/validateUserDetails","timestamp":"2018-08-19T15:27:42.843Z"}
{"level":"info","message":"Header validation Initilized","timestamp":"2018-08-19T15:27:42.844Z"}
{"level":"info","message":"validateCsrf function","timestamp":"2018-08-19T15:27:42.845Z"}
{"level":"info","message":"CSRF TOKEN FROM API REQUEST => QUNNJmFiaGFydGVjaA==","timestamp":"2018-08-19T15:27:42.846Z"}
{"level":"info","message":"QUNNJmFiaGFydGVjaA== encoding to Ascii is ACM&abhartech","timestamp":"2018-08-19T15:27:42.847Z"}
{"level":"info","message":"ACM&abhartech","timestamp":"2018-08-19T15:27:42.847Z"}
{"level":"info","message":"ACM&abhartech","timestamp":"2018-08-19T15:27:42.847Z"}
{"level":"info","message":"true","timestamp":"2018-08-19T15:27:42.849Z"}
{"level":"info","message":"Header validation Initilized","timestamp":"2018-08-19T15:27:42.851Z"}
{"level":"info","message":"Configuring Routes","timestamp":"2018-08-19T15:27:42.975Z"}
{"level":"info","message":"Random String Generation ","timestamp":"2018-08-19T15:27:43.002Z"}
{"level":"info","message":"Send SMS Intitiated","timestamp":"2018-08-19T15:27:43.454Z"}
{"level":"error","message":"(node:13172) [DEP0005] DeprecationWarning: Buffer() is deprecated due to security and usability issues. Please use the Buffer.alloc(), Buffer.allocUnsafe(), or Buffer.from() methods instead.","timestamp":"2018-08-19T15:27:43.637Z"}
{"level":"info","message":"Database Connected!","timestamp":"2018-08-19T15:27:43.644Z"}
{"meta":0,"level":"info","message":"","timestamp":"2018-08-19T15:27:43.648Z"}
{"level":"info","message":"log's configured successfully","timestamp":"2018-08-19T15:28:21.378Z"}
{"level":"info","message":"Here is your first log","timestamp":"2018-08-19T15:28:21.380Z"}
{"level":"info","message":"Base URL http://localhost:3500","timestamp":"2018-08-19T15:28:21.381Z"}
{"level":"info","message":"API accessing port 3500","timestamp":"2018-08-19T15:28:21.381Z"}
{"level":"info","message":" Cors ","timestamp":"2018-08-19T15:28:33.622Z"}
{"level":"info","message":"/validateUserDetails?user_email_id=bindu.priya07@gmail.com&password=test","timestamp":"2018-08-19T15:28:33.623Z"}
{"level":"info","message":"Header validation Initilized","timestamp":"2018-08-19T15:28:33.625Z"}
{"level":"info","message":"validateCsrf function","timestamp":"2018-08-19T15:28:33.625Z"}
{"level":"info","message":"CSRF TOKEN FROM API REQUEST => QUNNJmFiaGFydGVjaA==","timestamp":"2018-08-19T15:28:33.626Z"}
{"level":"info","message":"QUNNJmFiaGFydGVjaA== encoding to Ascii is ACM&abhartech","timestamp":"2018-08-19T15:28:33.627Z"}
{"level":"info","message":"ACM&abhartech","timestamp":"2018-08-19T15:28:33.627Z"}
{"level":"info","message":"ACM&abhartech","timestamp":"2018-08-19T15:28:33.627Z"}
{"level":"info","message":"true","timestamp":"2018-08-19T15:28:33.629Z"}
{"level":"info","message":"Header validation Initilized","timestamp":"2018-08-19T15:28:33.630Z"}
{"level":"info","message":"Configuring Routes","timestamp":"2018-08-19T15:28:33.768Z"}
{"level":"info","message":"Random String Generation ","timestamp":"2018-08-19T15:28:33.802Z"}
{"level":"info","message":"Send SMS Intitiated","timestamp":"2018-08-19T15:28:34.278Z"}
{"level":"error","message":"(node:9432) [DEP0005] DeprecationWarning: Buffer() is deprecated due to security and usability issues. Please use the Buffer.alloc(), Buffer.allocUnsafe(), or Buffer.from() methods instead.","timestamp":"2018-08-19T15:28:34.463Z"}
{"level":"info","message":"Database Connected!","timestamp":"2018-08-19T15:28:34.482Z"}
{"meta":0,"level":"info","message":"","timestamp":"2018-08-19T15:28:34.529Z"}
{"level":"info","message":"log's configured successfully","timestamp":"2018-08-19T15:29:21.088Z"}
{"level":"info","message":"Here is your first log","timestamp":"2018-08-19T15:29:21.090Z"}
{"level":"info","message":"Base URL http://localhost:3500","timestamp":"2018-08-19T15:29:21.092Z"}
{"level":"info","message":"API accessing port 3500","timestamp":"2018-08-19T15:29:21.092Z"}
{"level":"info","message":" Cors ","timestamp":"2018-08-19T15:29:23.482Z"}
{"level":"info","message":"/getUserDetailsById","timestamp":"2018-08-19T15:29:23.483Z"}
{"level":"info","message":"Header validation Initilized","timestamp":"2018-08-19T15:29:23.485Z"}
{"level":"info","message":"validateCsrf function","timestamp":"2018-08-19T15:29:23.485Z"}
{"level":"info","message":"CSRF TOKEN FROM API REQUEST => QUNNJmFiaGFydGVjaA==","timestamp":"2018-08-19T15:29:23.487Z"}
{"level":"info","message":"QUNNJmFiaGFydGVjaA== encoding to Ascii is ACM&abhartech","timestamp":"2018-08-19T15:29:23.488Z"}
{"level":"info","message":"ACM&abhartech","timestamp":"2018-08-19T15:29:23.488Z"}
{"level":"info","message":"ACM&abhartech","timestamp":"2018-08-19T15:29:23.488Z"}
{"level":"info","message":"true","timestamp":"2018-08-19T15:29:23.490Z"}
{"level":"info","message":"Header validation Initilized","timestamp":"2018-08-19T15:29:23.492Z"}
{"level":"info","message":"Configuring Routes","timestamp":"2018-08-19T15:29:23.673Z"}
{"level":"info","message":"Random String Generation ","timestamp":"2018-08-19T15:29:23.711Z"}
{"level":"info","message":"Send SMS Intitiated","timestamp":"2018-08-19T15:29:24.370Z"}
{"level":"error","message":"(node:14020) [DEP0005] DeprecationWarning: Buffer() is deprecated due to security and usability issues. Please use the Buffer.alloc(), Buffer.allocUnsafe(), or Buffer.from() methods instead.","timestamp":"2018-08-19T15:29:24.561Z"}
{"level":"info","message":"Database Connected!","timestamp":"2018-08-19T15:29:24.569Z"}
{"level":"info","message":" Cors ","timestamp":"2018-08-19T15:37:24.580Z"}
{"level":"info","message":"/validateUserDetails","timestamp":"2018-08-19T15:37:24.581Z"}
{"level":"info","message":"validateCsrf function","timestamp":"2018-08-19T15:37:24.581Z"}
{"level":"info","message":"CSRF TOKEN FROM API REQUEST => QUNNJmFiaGFydGVjaA==","timestamp":"2018-08-19T15:37:24.582Z"}
{"level":"info","message":"QUNNJmFiaGFydGVjaA== encoding to Ascii is ACM&abhartech","timestamp":"2018-08-19T15:37:24.582Z"}
{"level":"info","message":"ACM&abhartech","timestamp":"2018-08-19T15:37:24.582Z"}
{"level":"info","message":"ACM&abhartech","timestamp":"2018-08-19T15:37:24.583Z"}
{"level":"info","message":"true","timestamp":"2018-08-19T15:37:24.583Z"}
{"level":"info","message":"Configuring Routes","timestamp":"2018-08-19T15:37:24.584Z"}
{"meta":0,"level":"info","message":"","timestamp":"2018-08-19T15:37:24.593Z"}
{"level":"info","message":"log's configured successfully","timestamp":"2018-08-19T16:20:34.877Z"}
{"level":"info","message":"Here is your first log","timestamp":"2018-08-19T16:20:34.879Z"}
{"level":"info","message":"Base URL http://localhost:3500","timestamp":"2018-08-19T16:20:34.880Z"}
{"level":"info","message":"API accessing port 3500","timestamp":"2018-08-19T16:20:34.881Z"}
{"level":"info","message":" Cors ","timestamp":"2018-08-19T16:20:37.011Z"}
{"level":"info","message":"/validateConsumer","timestamp":"2018-08-19T16:20:37.011Z"}
{"level":"info","message":"Header validation Initilized","timestamp":"2018-08-19T16:20:37.016Z"}
{"level":"info","message":"validateCsrf function","timestamp":"2018-08-19T16:20:37.016Z"}
{"level":"info","message":"CSRF TOKEN FROM API REQUEST => QUNNJmFiaGFydGVjaA==","timestamp":"2018-08-19T16:20:37.018Z"}
{"level":"info","message":"QUNNJmFiaGFydGVjaA== encoding to Ascii is ACM&abhartech","timestamp":"2018-08-19T16:20:37.018Z"}
{"level":"info","message":"ACM&abhartech","timestamp":"2018-08-19T16:20:37.018Z"}
{"level":"info","message":"ACM&abhartech","timestamp":"2018-08-19T16:20:37.019Z"}
{"level":"info","message":"true","timestamp":"2018-08-19T16:20:37.020Z"}
{"level":"info","message":"Header validation Initilized","timestamp":"2018-08-19T16:20:37.021Z"}
{"level":"info","message":"Configuring Routes","timestamp":"2018-08-19T16:20:37.141Z"}
{"level":"info","message":"Random String Generation ","timestamp":"2018-08-19T16:20:37.167Z"}
{"level":"info","message":"Send SMS Intitiated","timestamp":"2018-08-19T16:20:37.643Z"}
{"level":"error","message":"(node:8440) [DEP0005] DeprecationWarning: Buffer() is deprecated due to security and usability issues. Please use the Buffer.alloc(), Buffer.allocUnsafe(), or Buffer.from() methods instead.","timestamp":"2018-08-19T16:20:37.837Z"}
{"level":"info","message":"Database Connected!","timestamp":"2018-08-19T16:20:37.851Z"}
{"level":"info","message":" Cors ","timestamp":"2018-08-19T16:20:48.558Z"}
{"level":"info","message":"/validateConsumer","timestamp":"2018-08-19T16:20:48.558Z"}
{"level":"info","message":"validateCsrf function","timestamp":"2018-08-19T16:20:48.559Z"}
{"level":"info","message":"CSRF TOKEN FROM API REQUEST => QUNNJmFiaGFydGVjaA==","timestamp":"2018-08-19T16:20:48.560Z"}
{"level":"info","message":"QUNNJmFiaGFydGVjaA== encoding to Ascii is ACM&abhartech","timestamp":"2018-08-19T16:20:48.560Z"}
{"level":"info","message":"ACM&abhartech","timestamp":"2018-08-19T16:20:48.561Z"}
{"level":"info","message":"ACM&abhartech","timestamp":"2018-08-19T16:20:48.561Z"}
{"level":"info","message":"true","timestamp":"2018-08-19T16:20:48.566Z"}
{"level":"info","message":"Configuring Routes","timestamp":"2018-08-19T16:20:48.567Z"}
{"level":"info","message":"SELECT U.user_id,U.email_id,U.mobile_number,U.user_role,U.date_of_birth,U.agency_id,CONCAT(U.first_name,'_',U.last_name) as username,SD.sub_division_name,AG.name as agency_name FROM users as U LEFT JOIN consumer_accounts CA ON CA.user_id = U.user_id LEFT JOIN  sub_division as SD ON SD.id = U.sub_division_id LEFT JOIN bu_mapping_agency AS BMA ON BMA.sub_division_id = SD.id LEFT JOIN agencies AG ON AG.id = BMA.agency_id AND AG.id = U.agency_id WHERE CA.consumer_account_number = 'undefined' AND U.password = '40bd001563085fc35165329ea1ff5c5ecbdbbeef' AND U.status = 'active' GROUP BY U.user_id","timestamp":"2018-08-19T16:20:48.592Z"}
{"meta":0,"level":"info","message":"","timestamp":"2018-08-19T16:20:48.655Z"}
[]
{"level":"info","message":" Cors ","timestamp":"2018-08-19T16:28:49.491Z"}
{"level":"info","message":"/validateConsumer","timestamp":"2018-08-19T16:28:49.492Z"}
{"level":"info","message":"validateCsrf function","timestamp":"2018-08-19T16:28:49.492Z"}
{"level":"info","message":"CSRF TOKEN FROM API REQUEST => QUNNJmFiaGFydGVjaA==","timestamp":"2018-08-19T16:28:49.493Z"}
{"level":"info","message":"QUNNJmFiaGFydGVjaA== encoding to Ascii is ACM&abhartech","timestamp":"2018-08-19T16:28:49.493Z"}
{"level":"info","message":"ACM&abhartech","timestamp":"2018-08-19T16:28:49.494Z"}
{"level":"info","message":"ACM&abhartech","timestamp":"2018-08-19T16:28:49.494Z"}
{"level":"info","message":"true","timestamp":"2018-08-19T16:28:49.495Z"}
{"level":"info","message":"Configuring Routes","timestamp":"2018-08-19T16:28:49.495Z"}
{"level":"info","message":"SELECT U.user_id,U.email_id,U.mobile_number,U.user_role,U.date_of_birth,U.agency_id,CONCAT(U.first_name,'_',U.last_name) as username,SD.sub_division_name,AG.name as agency_name FROM users as U LEFT JOIN consumer_accounts CA ON CA.user_id = U.user_id LEFT JOIN  sub_division as SD ON SD.id = U.sub_division_id LEFT JOIN bu_mapping_agency AS BMA ON BMA.sub_division_id = SD.id LEFT JOIN agencies AG ON AG.id = BMA.agency_id AND AG.id = U.agency_id WHERE CA.consumer_account_number = '8575' AND U.password = 'eb99fbfb4c5ecc3cee58a99c2151aff8cd1cf2b9' AND U.status = 'active' GROUP BY U.user_id","timestamp":"2018-08-19T16:28:49.507Z"}
{"meta":0,"level":"info","message":"","timestamp":"2018-08-19T16:28:49.557Z"}
[]
